
[Checking the pointers in the system call table...]
read       - NOT OK!
getdents   - NOT OK!
getdents64 - OK
recvmsg    - NOT OK!
open       - OK
close      - OK
readlink   - OK
readlinkat - OK
kill       - OK
There are 3 manipulated pointers in the system call table.

[Checking the first bytes of some system calls and other important functions...]
read            - OK
getdents        - OK
getdents64      - OK
recvmsg         - OK
open            - OK
close           - OK
readlink        - OK
readlinkat      - OK
kill            - OK
packet_rcv      - 30BDB968 5441C3A0 89485355 EC8348FB
packet_rcv_spkt - 30BF2168 8948C3A0 8A5241FB 8B4C7D47
tpacket_rcv     - 30BE6D68 5441C3A0 89485355 EC8348FB
There are 3 manipulated functions.

[Checking currently running processes...]
[00001] init
[00002] kthreadd
[00003] ksoftirqd/0
[00004] kworker/0:0
[00005] kworker/0:0H
[00007] rcu_sched
[00008] rcu_bh
[00009] migration/0
[00010] watchdog/0
[00011] khelper
[00012] kdevtmpfs
[00013] netns
[00014] khungtaskd
[00015] writeback
[00016] ksmd
[00017] crypto
[00018] kintegrityd
[00019] bioset
[00020] kblockd
[00022] kswapd0
[00023] fsnotify_mark
[00028] ipv6_addrconf
[00029] deferwq
[00121] ata_sff
[00122] scsi_eh_0
[00123] scsi_tmf_0
[00124] scsi_eh_1
[00125] scsi_tmf_1
[00126] kworker/u2:2
[00127] scsi_eh_2
[00128] scsi_tmf_2
[00130] scsi_eh_3
[00131] scsi_tmf_3
[00132] scsi_eh_4
[00133] scsi_tmf_4
[00134] kworker/u2:4
[00143] kworker/0:2
[00151] kworker/0:1H
[00168] jbd2/sda1-8
[00169] ext4-rsv-conver
[00312] udevd
[00430] udevd
[00431] udevd
[00441] kpsmoused
[00464] khubd
[01612] rpcbind
[01651] rpc.statd
[01660] rpciod
[01668] nfsiod
[01672] dhclient
[01692] rpc.idmapd
[01992] rsyslogd
[02029] acpid
[02031] atd
[02113] cron
[02362] exim4
[02422] getty
[02423] getty
[02424] getty
[02425] getty
[02426] getty
[03187] dropbear
[03328] kworker/0:1
[03340] login
[03341] bash
[03759] insmod
Number of processes: 66 (65 if you account for the 'insmod').
Verify by running the command 'ps ax --no-headers | wc -l'.

[Checking netfilter hooks...]
[(null)] 0xFFFFFFFFA030C384
Number of current netfilter hooks: 1.

[Checking loaded kernel modules...]
sasuke
tcp_diag
inet_diag
nfsd
auth_rpcgss
oid_registry
nfs_acl
nfs
lockd
fscache
sunrpc
loop
joydev
hid_generic
usbhid
hid
ohci_pci
ohci_hcd
ehci_hcd
snd_intel8x0
usbcore
snd_ac97_codec
microcode
parport_pc
snd_pcm
psmouse
snd_timer
parport
i2c_piix4
usb_common
snd
pcspkr
serio_raw
i2c_core
evdev
ac
soundcore
battery
ac97_bus
button
ext4
crc16
jbd2
mbcache
sg
sd_mod
crc_t10dif
sr_mod
cdrom
crct10dif_common
ata_generic
ahci
libahci
ata_piix
libata
scsi_mod
e1000
Number of loaded kernel modules: 57
