
[Checking the pointers in the system call table...]
read       - OK
getdents   - OK
getdents64 - OK
recvmsg    - OK
open       - OK
close      - OK
readlink   - OK
readlinkat - OK
kill       - OK
There are 0 manipulated pointers in the system call table.

[Checking the first bytes of some system calls and other important functions...]
read            - B835B848 FFFFA02D E0FFFFFF 61E80824
getdents        - OK
getdents64      - OK
recvmsg         - C41EB848 FFFFA02D E0FFFFFF FFFFFFEA
open            - OK
close           - OK
readlink        - OK
readlinkat      - OK
kill            - OK
packet_rcv      - OK
packet_rcv_spkt - BD0FB848 FFFFA02D E0FFFFFF 8B4C7D47
tpacket_rcv     - BC5CB848 FFFFA02D E0FFFFFF EC8348FB
There are 4 manipulated functions.

[Checking currently running processes...]
[00001] init
[00002] kthreadd
[00003] ksoftirqd/0
[00005] kworker/0:0H
[00006] kworker/u2:0
[00007] rcu_sched
[00008] rcu_bh
[00009] migration/0
[00010] watchdog/0
[00011] khelper
[00012] kdevtmpfs
[00013] netns
[00014] khungtaskd
[00015] writeback
[00016] ksmd
[00017] crypto
[00018] kintegrityd
[00019] bioset
[00020] kblockd
[00022] kswapd0
[00023] fsnotify_mark
[00028] ipv6_addrconf
[00029] deferwq
[00138] ata_sff
[00163] scsi_eh_0
[00164] scsi_tmf_0
[00165] scsi_eh_1
[00166] kworker/u2:2
[00167] scsi_tmf_1
[00168] scsi_eh_2
[00169] scsi_tmf_2
[00178] kworker/0:2
[00182] kworker/0:1H
[00204] jbd2/sda1-8
[00205] ext4-rsv-conver
[00348] udevd
[00504] kpsmoused
[00508] khubd
[01655] rpcbind
[01686] rpc.statd
[01691] rpciod
[01698] nfsiod
[01717] rpc.idmapd
[01747] dhclient
[02030] rsyslogd
[02067] acpid
[02092] atd
[02141] cron
[02410] sshd
[02437] exim4
[02464] login
[02465] getty
[02466] getty
[02467] getty
[02468] getty
[02469] getty
[02470] bash
[02515] bash
[02523] udevd
[02529] nc
[02613] kworker/0:0
[02637] udevd
[02648] kworker/0:1
[02651] insmod
Number of processes: 64 (63 if you account for the 'insmod').
Verify by running the command 'ps ax --no-headers | wc -l'.

[Checking netfilter hooks...]
Number of current netfilter hooks: 0.

[Checking loaded kernel modules...]
sasuke
tcp_diag
inet_diag
nfsd
auth_rpcgss
oid_registry
nfs_acl
nfs
lockd
fscache
sunrpc
loop
joydev
hid_generic
usbhid
hid
snd_intel8x0
snd_ac97_codec
snd_pcm
snd_timer
ohci_pci
ohci_hcd
ehci_hcd
usbcore
snd
processor
thermal_sys
psmouse
i2c_piix4
i2c_core
parport_pc
parport
evdev
usb_common
pcspkr
serio_raw
microcode
button
soundcore
ac97_bus
battery
ac
ext4
crc16
jbd2
mbcache
sg
sd_mod
sr_mod
crc_t10dif
crct10dif_common
cdrom
ata_generic
ata_piix
ahci
libahci
e1000
libata
scsi_mod
Number of loaded kernel modules: 59
