
[Checking the pointers in the system call table...]
read       - NOT OK!
getdents   - NOT OK!
getdents64 - OK
recvmsg    - NOT OK!
open       - OK
close      - OK
readlink   - OK
readlinkat - OK
kill       - OK
There are 3 manipulated pointers in the system call table.

[Checking the first bytes of some system calls and other important functions...]
read            - OK
getdents        - OK
getdents64      - OK
recvmsg         - OK
open            - OK
close           - OK
readlink        - OK
readlinkat      - OK
kill            - OK
packet_rcv      - OK
packet_rcv_spkt - OK
tpacket_rcv     - FFFF6866 FFFF6866 A0346866 9C446866
There are 1 manipulated functions.

[Checking currently running processes...]
[00001] init
[00002] kthreadd
[00003] ksoftirqd/0
[00005] kworker/0:0H
[00007] rcu_sched
[00008] rcu_bh
[00009] migration/0
[00010] watchdog/0
[00011] watchdog/1
[00012] migration/1
[00013] ksoftirqd/1
[00015] kworker/1:0H
[00016] khelper
[00017] kdevtmpfs
[00018] netns
[00019] khungtaskd
[00020] writeback
[00021] ksmd
[00022] crypto
[00023] kintegrityd
[00024] bioset
[00025] kblockd
[00027] kswapd0
[00028] fsnotify_mark
[00033] ipv6_addrconf
[00034] kworker/1:1
[00035] deferwq
[00125] ata_sff
[00131] scsi_eh_0
[00136] scsi_tmf_0
[00143] kworker/u4:2
[00155] kworker/0:1H
[00177] jbd2/sda1-8
[00178] ext4-rsv-conver
[00187] kworker/1:1H
[00325] udevd
[00475] scsi_eh_1
[00476] scsi_tmf_1
[00478] scsi_eh_2
[00479] scsi_tmf_2
[00481] kpsmoused
[00495] khubd
[01653] rpcbind
[01684] rpc.statd
[01689] rpciod
[01691] nfsiod
[01698] rpc.idmapd
[01961] rsyslogd
[02013] atd
[02080] cron
[02090] acpid
[02374] exim4
[02401] login
[02402] getty
[02403] getty
[02404] getty
[02405] getty
[02406] getty
[02407] bash
[02497] dhclient
[02538] sshd
[02660] kworker/u4:0
[02675] kworker/0:1
[02815] kworker/1:2
[02834] sshd
[03845] udevd
[06556] kworker/0:0
[06560] udevd
[06561] sudo
[06562] bash
[07178] insmod
Number of processes: 71 (70 if you account for the 'insmod').
Verify by running the command 'ps ax --no-headers | wc -l'.

[Checking netfilter hooks...]
Number of current netfilter hooks: 0.

[Checking loaded kernel modules in /sys/modules...]
/module/sg
/module/ac
/module/tcp_diag
/module/fat
/module/nfs
/module/hid
/module/vt
/module/8250
/module/acpi
/module/tcp_cubic
/module/snd
/module/ext4
/module/jbd2
/module/loop
/module/ipv6
/module/vfat
/module/i2c_core
/module/serio_raw
/module/cpuidle
/module/nfsd
/module/usb_common
/module/crct10dif_common
/module/e1000
/module/dns_resolver
/module/rcutree
/module/ahci
/module/cdrom
/module/crc16
/module/evdev
/module/lockd
/module/auth_rpcgss
/module/i8042
/module/i2c_piix4
/module/snd_timer
/module/libahci
/module/nls_cp437
/module/mbcache
/module/firmware_class
/module/sysrq
/module/snd_pcm
/module/usb_storage
/module/spurious
/module/scsi_mod
/module/button
/module/ohci_hcd
/module/ehci_hcd
/module/ohci_pci
/module/fscache
/module/nfs_acl
/module/ata_generic
/module/joydev
/module/soundcore
/module/netpoll
/module/apparmor
/module/workqueue
/module/block
/module/mousedev
/module/hid_generic
/module/libata
/module/pcspkr
/module/pciehp
/module/acpiphp
/module/sasuke
/module/pstore
/module/nls_utf8
/module/sr_mod
/module/sunrpc
/module/oid_registry
/module/sd_mod
/module/usbhid
/module/usbcore
/module/battery
/module/8250_core
/module/crc_t10dif
/module/processor
/module/printk
/module/parport
/module/parport_pc
/module/microcode
/module/ata_piix
/module/pcie_aspm
/module/inet_diag
/module/intel_idle
/module/thermal_sys
/module/psmouse
/module/pci_hotplug
/module/keyboard
/module/rcupdate
/module/xz_dec
/module/kernel
Number of loaded kernel modules in /sys/modules: 90

[Checking loaded kernel modules in lsmod...]
sasuke
tcp_diag
inet_diag
nls_utf8
nls_cp437
vfat
fat
usb_storage
nfsd
auth_rpcgss
oid_registry
nfs_acl
nfs
lockd
fscache
sunrpc
loop
joydev
hid_generic
usbhid
hid
sg
ohci_pci
ohci_hcd
ehci_hcd
usbcore
snd_pcm
snd_timer
sr_mod
cdrom
ata_generic
snd
soundcore
psmouse
serio_raw
pcspkr
i2c_piix4
i2c_core
ata_piix
usb_common
evdev
parport_pc
parport
e1000
processor
thermal_sys
microcode
battery
ac
button
ext4
crc16
mbcache
jbd2
sd_mod
crc_t10dif
crct10dif_common
ahci
libahci
libata
scsi_mod
Number of loaded kernel modules: 61

[Checking loaded kernel modules in kobjects...]
xz_dec
tcp_cubic
kernel
workqueue
printk
spurious
rcupdate
rcutree
pstore
apparmor
block
pcie_aspm
pci_hotplug
pciehp
acpiphp
intel_idle
acpi
sysrq
keyboard
vt
8250_core
8250
firmware_class
i8042
mousedev
cpuidle
netpoll
ipv6
dns_resolver
scsi_mod
libata
libahci
ahci
crct10dif_common
crc_t10dif
sd_mod
jbd2
mbcache
crc16
ext4
button
ac
battery
microcode
thermal_sys
processor
e1000
parport
parport_pc
evdev
usb_common
ata_piix
i2c_core
i2c_piix4
pcspkr
serio_raw
psmouse
soundcore
snd
ata_generic
cdrom
sr_mod
snd_timer
snd_pcm
usbcore
ehci_hcd
ohci_hcd
ohci_pci
sg
hid
usbhid
hid_generic
joydev
loop
sunrpc
fscache
lockd
nfs
nfs_acl
oid_registry
auth_rpcgss
nfsd
usb_storage
fat
vfat
nls_cp437
nls_utf8
inet_diag
tcp_diag
Number of loaded kernel modules: 90
